find_executable: checking for pg_config... -------------------- yes

--------------------

"clang -o conftest -I/Users/michael/.asdf/installs/ruby/2.6.3/include/ruby-2.6.0/x86_64-darwin18 -I/Users/michael/.asdf/installs/ruby/2.6.3/include/ruby-2.6.0/ruby/backward -I/Users/michael/.asdf/installs/ruby/2.6.3/include/ruby-2.6.0 -I. -I/Users/michael/.asdf/installs/postgres/10.6/include -I/Users/michael/.asdf/installs/ruby/2.6.3/include  -D_XOPEN_SOURCE -D_DARWIN_C_SOURCE -D_DARWIN_UNLIMITED_SELECT -D_REENTRANT   -O3 -ggdb3 -Wall -Wextra -Wdeclaration-after-statement -Wdeprecated-declarations -Wdivision-by-zero -Wimplicit-function-declaration -Wimplicit-int -Wpointer-arith -Wshorten-64-to-32 -Wwrite-strings -Wmissing-noreturn -Wno-constant-logical-operand -Wno-long-long -Wno-missing-field-initializers -Wno-overlength-strings -Wno-parentheses-equality -Wno-self-assign -Wno-tautological-compare -Wno-unused-parameter -Wno-unused-value -Wunused-variable -Wextra-tokens  -pipe conftest.c  -L. -L/Users/michael/.asdf/installs/ruby/2.6.3/lib -L/Users/michael/.asdf/installs/postgres/10.6/lib -L. -L/Users/michael/.asdf/installs/ruby/2.6.3/lib  -fstack-protector-strong -L/usr/local/lib     -lruby.2.6-static -framework Security -framework Foundation -lpthread -lgmp -ldl -lobjc   "
checked program was:
/* begin */
1: #include "ruby.h"
2: 
3: int main(int argc, char **argv)
4: {
5:   return 0;
6: }
/* end */

"clang -o conftest -I/Users/michael/.asdf/installs/ruby/2.6.3/include/ruby-2.6.0/x86_64-darwin18 -I/Users/michael/.asdf/installs/ruby/2.6.3/include/ruby-2.6.0/ruby/backward -I/Users/michael/.asdf/installs/ruby/2.6.3/include/ruby-2.6.0 -I. -I/Users/michael/.asdf/installs/postgres/10.6/include -I/Users/michael/.asdf/installs/ruby/2.6.3/include  -D_XOPEN_SOURCE -D_DARWIN_C_SOURCE -D_DARWIN_UNLIMITED_SELECT -D_REENTRANT   -O3 -ggdb3 -Wall -Wextra -Wdeclaration-after-statement -Wdeprecated-declarations -Wdivision-by-zero -Wimplicit-function-declaration -Wimplicit-int -Wpointer-arith -Wshorten-64-to-32 -Wwrite-strings -Wmissing-noreturn -Wno-constant-logical-operand -Wno-long-long -Wno-missing-field-initializers -Wno-overlength-strings -Wno-parentheses-equality -Wno-self-assign -Wno-tautological-compare -Wno-unused-parameter -Wno-unused-value -Wunused-variable -Wextra-tokens  -pipe conftest.c  -L. -L/Users/michael/.asdf/installs/ruby/2.6.3/lib -L/Users/michael/.asdf/installs/postgres/10.6/lib -L. -L/Users/michael/.asdf/installs/ruby/2.6.3/lib  -fstack-protector-strong -L/usr/local/lib     -lruby.2.6-static -framework Security -framework Foundation -lpthread -lgmp -ldl -lobjc  -Wl,-rpath,/Users/michael/.asdf/installs/postgres/10.6/lib  "
checked program was:
/* begin */
1: #include "ruby.h"
2: 
3: int main() {return 0;}
/* end */

find_header: checking for libpq-fe.h... -------------------- yes

"clang -E -I/Users/michael/.asdf/installs/ruby/2.6.3/include/ruby-2.6.0/x86_64-darwin18 -I/Users/michael/.asdf/installs/ruby/2.6.3/include/ruby-2.6.0/ruby/backward -I/Users/michael/.asdf/installs/ruby/2.6.3/include/ruby-2.6.0 -I. -I/Users/michael/.asdf/installs/postgres/10.6/include -I/Users/michael/.asdf/installs/ruby/2.6.3/include  -D_XOPEN_SOURCE -D_DARWIN_C_SOURCE -D_DARWIN_UNLIMITED_SELECT -D_REENTRANT   -O3 -ggdb3 -Wall -Wextra -Wdeclaration-after-statement -Wdeprecated-declarations -Wdivision-by-zero -Wimplicit-function-declaration -Wimplicit-int -Wpointer-arith -Wshorten-64-to-32 -Wwrite-strings -Wmissing-noreturn -Wno-constant-logical-operand -Wno-long-long -Wno-missing-field-initializers -Wno-overlength-strings -Wno-parentheses-equality -Wno-self-assign -Wno-tautological-compare -Wno-unused-parameter -Wno-unused-value -Wunused-variable -Wextra-tokens  -pipe  conftest.c -o conftest.i"
checked program was:
/* begin */
1: #include "ruby.h"
2: 
3: #include <libpq-fe.h>
/* end */

--------------------

find_header: checking for libpq/libpq-fs.h... -------------------- yes

"clang -E -I/Users/michael/.asdf/installs/ruby/2.6.3/include/ruby-2.6.0/x86_64-darwin18 -I/Users/michael/.asdf/installs/ruby/2.6.3/include/ruby-2.6.0/ruby/backward -I/Users/michael/.asdf/installs/ruby/2.6.3/include/ruby-2.6.0 -I. -I/Users/michael/.asdf/installs/postgres/10.6/include -I/Users/michael/.asdf/installs/ruby/2.6.3/include  -D_XOPEN_SOURCE -D_DARWIN_C_SOURCE -D_DARWIN_UNLIMITED_SELECT -D_REENTRANT   -O3 -ggdb3 -Wall -Wextra -Wdeclaration-after-statement -Wdeprecated-declarations -Wdivision-by-zero -Wimplicit-function-declaration -Wimplicit-int -Wpointer-arith -Wshorten-64-to-32 -Wwrite-strings -Wmissing-noreturn -Wno-constant-logical-operand -Wno-long-long -Wno-missing-field-initializers -Wno-overlength-strings -Wno-parentheses-equality -Wno-self-assign -Wno-tautological-compare -Wno-unused-parameter -Wno-unused-value -Wunused-variable -Wextra-tokens  -pipe  conftest.c -o conftest.i"
checked program was:
/* begin */
1: #include "ruby.h"
2: 
3: #include <libpq/libpq-fs.h>
/* end */

--------------------

find_header: checking for pg_config_manual.h... -------------------- yes

"clang -E -I/Users/michael/.asdf/installs/ruby/2.6.3/include/ruby-2.6.0/x86_64-darwin18 -I/Users/michael/.asdf/installs/ruby/2.6.3/include/ruby-2.6.0/ruby/backward -I/Users/michael/.asdf/installs/ruby/2.6.3/include/ruby-2.6.0 -I. -I/Users/michael/.asdf/installs/postgres/10.6/include -I/Users/michael/.asdf/installs/ruby/2.6.3/include  -D_XOPEN_SOURCE -D_DARWIN_C_SOURCE -D_DARWIN_UNLIMITED_SELECT -D_REENTRANT   -O3 -ggdb3 -Wall -Wextra -Wdeclaration-after-statement -Wdeprecated-declarations -Wdivision-by-zero -Wimplicit-function-declaration -Wimplicit-int -Wpointer-arith -Wshorten-64-to-32 -Wwrite-strings -Wmissing-noreturn -Wno-constant-logical-operand -Wno-long-long -Wno-missing-field-initializers -Wno-overlength-strings -Wno-parentheses-equality -Wno-self-assign -Wno-tautological-compare -Wno-unused-parameter -Wno-unused-value -Wunused-variable -Wextra-tokens  -pipe  conftest.c -o conftest.i"
checked program was:
/* begin */
1: #include "ruby.h"
2: 
3: #include <pg_config_manual.h>
/* end */

--------------------

have_library: checking for PQconnectdb() in -lpq... -------------------- yes

"clang -o conftest -I/Users/michael/.asdf/installs/ruby/2.6.3/include/ruby-2.6.0/x86_64-darwin18 -I/Users/michael/.asdf/installs/ruby/2.6.3/include/ruby-2.6.0/ruby/backward -I/Users/michael/.asdf/installs/ruby/2.6.3/include/ruby-2.6.0 -I. -I/Users/michael/.asdf/installs/postgres/10.6/include -I/Users/michael/.asdf/installs/ruby/2.6.3/include  -D_XOPEN_SOURCE -D_DARWIN_C_SOURCE -D_DARWIN_UNLIMITED_SELECT -D_REENTRANT   -O3 -ggdb3 -Wall -Wextra -Wdeclaration-after-statement -Wdeprecated-declarations -Wdivision-by-zero -Wimplicit-function-declaration -Wimplicit-int -Wpointer-arith -Wshorten-64-to-32 -Wwrite-strings -Wmissing-noreturn -Wno-constant-logical-operand -Wno-long-long -Wno-missing-field-initializers -Wno-overlength-strings -Wno-parentheses-equality -Wno-self-assign -Wno-tautological-compare -Wno-unused-parameter -Wno-unused-value -Wunused-variable -Wextra-tokens  -pipe conftest.c  -L. -L/Users/michael/.asdf/installs/ruby/2.6.3/lib -L/Users/michael/.asdf/installs/postgres/10.6/lib -L. -L/Users/michael/.asdf/installs/ruby/2.6.3/lib  -fstack-protector-strong -L/usr/local/lib -Wl,-rpath,/Users/michael/.asdf/installs/postgres/10.6/lib     -lruby.2.6-static -framework Security -framework Foundation -lpthread -lgmp -ldl -lobjc -lpq   "
checked program was:
/* begin */
 1: #include "ruby.h"
 2: 
 3: #include <libpq-fe.h>
 4: 
 5: /*top*/
 6: extern int t(void);
 7: int main(int argc, char **argv)
 8: {
 9:   if (argc > 1000000) {
10:     int (* volatile tp)(void)=(int (*)(void))&t;
11:     printf("%d", (*tp)());
12:   }
13: 
14:   return 0;
15: }
16: int t(void) { void ((*volatile p)()); p = (void ((*)()))PQconnectdb; return !p; }
/* end */

--------------------

have_func: checking for PQsetSingleRowMode()... -------------------- yes

"clang -o conftest -I/Users/michael/.asdf/installs/ruby/2.6.3/include/ruby-2.6.0/x86_64-darwin18 -I/Users/michael/.asdf/installs/ruby/2.6.3/include/ruby-2.6.0/ruby/backward -I/Users/michael/.asdf/installs/ruby/2.6.3/include/ruby-2.6.0 -I. -I/Users/michael/.asdf/installs/postgres/10.6/include -I/Users/michael/.asdf/installs/ruby/2.6.3/include  -D_XOPEN_SOURCE -D_DARWIN_C_SOURCE -D_DARWIN_UNLIMITED_SELECT -D_REENTRANT   -O3 -ggdb3 -Wall -Wextra -Wdeclaration-after-statement -Wdeprecated-declarations -Wdivision-by-zero -Wimplicit-function-declaration -Wimplicit-int -Wpointer-arith -Wshorten-64-to-32 -Wwrite-strings -Wmissing-noreturn -Wno-constant-logical-operand -Wno-long-long -Wno-missing-field-initializers -Wno-overlength-strings -Wno-parentheses-equality -Wno-self-assign -Wno-tautological-compare -Wno-unused-parameter -Wno-unused-value -Wunused-variable -Wextra-tokens  -pipe conftest.c  -L. -L/Users/michael/.asdf/installs/ruby/2.6.3/lib -L/Users/michael/.asdf/installs/postgres/10.6/lib -L. -L/Users/michael/.asdf/installs/ruby/2.6.3/lib  -fstack-protector-strong -L/usr/local/lib -Wl,-rpath,/Users/michael/.asdf/installs/postgres/10.6/lib    -lpq  -lruby.2.6-static -framework Security -framework Foundation -lpthread -lgmp -ldl -lobjc -lpq   "
conftest.c:14:57: error: use of undeclared identifier 'PQsetSingleRowMode'
int t(void) { void ((*volatile p)()); p = (void ((*)()))PQsetSingleRowMode; return !p; }
                                                        ^
1 error generated.
checked program was:
/* begin */
 1: #include "ruby.h"
 2: 
 3: /*top*/
 4: extern int t(void);
 5: int main(int argc, char **argv)
 6: {
 7:   if (argc > 1000000) {
 8:     int (* volatile tp)(void)=(int (*)(void))&t;
 9:     printf("%d", (*tp)());
10:   }
11: 
12:   return 0;
13: }
14: int t(void) { void ((*volatile p)()); p = (void ((*)()))PQsetSingleRowMode; return !p; }
/* end */

"clang -o conftest -I/Users/michael/.asdf/installs/ruby/2.6.3/include/ruby-2.6.0/x86_64-darwin18 -I/Users/michael/.asdf/installs/ruby/2.6.3/include/ruby-2.6.0/ruby/backward -I/Users/michael/.asdf/installs/ruby/2.6.3/include/ruby-2.6.0 -I. -I/Users/michael/.asdf/installs/postgres/10.6/include -I/Users/michael/.asdf/installs/ruby/2.6.3/include  -D_XOPEN_SOURCE -D_DARWIN_C_SOURCE -D_DARWIN_UNLIMITED_SELECT -D_REENTRANT   -O3 -ggdb3 -Wall -Wextra -Wdeclaration-after-statement -Wdeprecated-declarations -Wdivision-by-zero -Wimplicit-function-declaration -Wimplicit-int -Wpointer-arith -Wshorten-64-to-32 -Wwrite-strings -Wmissing-noreturn -Wno-constant-logical-operand -Wno-long-long -Wno-missing-field-initializers -Wno-overlength-strings -Wno-parentheses-equality -Wno-self-assign -Wno-tautological-compare -Wno-unused-parameter -Wno-unused-value -Wunused-variable -Wextra-tokens  -pipe conftest.c  -L. -L/Users/michael/.asdf/installs/ruby/2.6.3/lib -L/Users/michael/.asdf/installs/postgres/10.6/lib -L. -L/Users/michael/.asdf/installs/ruby/2.6.3/lib  -fstack-protector-strong -L/usr/local/lib -Wl,-rpath,/Users/michael/.asdf/installs/postgres/10.6/lib    -lpq  -lruby.2.6-static -framework Security -framework Foundation -lpthread -lgmp -ldl -lobjc -lpq   "
checked program was:
/* begin */
 1: #include "ruby.h"
 2: 
 3: /*top*/
 4: extern int t(void);
 5: int main(int argc, char **argv)
 6: {
 7:   if (argc > 1000000) {
 8:     int (* volatile tp)(void)=(int (*)(void))&t;
 9:     printf("%d", (*tp)());
10:   }
11: 
12:   return 0;
13: }
14: extern void PQsetSingleRowMode();
15: int t(void) { PQsetSingleRowMode(); return 0; }
/* end */

--------------------

have_func: checking for PQconninfo()... -------------------- yes

"clang -o conftest -I/Users/michael/.asdf/installs/ruby/2.6.3/include/ruby-2.6.0/x86_64-darwin18 -I/Users/michael/.asdf/installs/ruby/2.6.3/include/ruby-2.6.0/ruby/backward -I/Users/michael/.asdf/installs/ruby/2.6.3/include/ruby-2.6.0 -I. -I/Users/michael/.asdf/installs/postgres/10.6/include -I/Users/michael/.asdf/installs/ruby/2.6.3/include  -D_XOPEN_SOURCE -D_DARWIN_C_SOURCE -D_DARWIN_UNLIMITED_SELECT -D_REENTRANT   -O3 -ggdb3 -Wall -Wextra -Wdeclaration-after-statement -Wdeprecated-declarations -Wdivision-by-zero -Wimplicit-function-declaration -Wimplicit-int -Wpointer-arith -Wshorten-64-to-32 -Wwrite-strings -Wmissing-noreturn -Wno-constant-logical-operand -Wno-long-long -Wno-missing-field-initializers -Wno-overlength-strings -Wno-parentheses-equality -Wno-self-assign -Wno-tautological-compare -Wno-unused-parameter -Wno-unused-value -Wunused-variable -Wextra-tokens  -pipe conftest.c  -L. -L/Users/michael/.asdf/installs/ruby/2.6.3/lib -L/Users/michael/.asdf/installs/postgres/10.6/lib -L. -L/Users/michael/.asdf/installs/ruby/2.6.3/lib  -fstack-protector-strong -L/usr/local/lib -Wl,-rpath,/Users/michael/.asdf/installs/postgres/10.6/lib    -lpq  -lruby.2.6-static -framework Security -framework Foundation -lpthread -lgmp -ldl -lobjc -lpq   "
conftest.c:14:57: error: use of undeclared identifier 'PQconninfo'
int t(void) { void ((*volatile p)()); p = (void ((*)()))PQconninfo; return !p; }
                                                        ^
1 error generated.
checked program was:
/* begin */
 1: #include "ruby.h"
 2: 
 3: /*top*/
 4: extern int t(void);
 5: int main(int argc, char **argv)
 6: {
 7:   if (argc > 1000000) {
 8:     int (* volatile tp)(void)=(int (*)(void))&t;
 9:     printf("%d", (*tp)());
10:   }
11: 
12:   return 0;
13: }
14: int t(void) { void ((*volatile p)()); p = (void ((*)()))PQconninfo; return !p; }
/* end */

"clang -o conftest -I/Users/michael/.asdf/installs/ruby/2.6.3/include/ruby-2.6.0/x86_64-darwin18 -I/Users/michael/.asdf/installs/ruby/2.6.3/include/ruby-2.6.0/ruby/backward -I/Users/michael/.asdf/installs/ruby/2.6.3/include/ruby-2.6.0 -I. -I/Users/michael/.asdf/installs/postgres/10.6/include -I/Users/michael/.asdf/installs/ruby/2.6.3/include  -D_XOPEN_SOURCE -D_DARWIN_C_SOURCE -D_DARWIN_UNLIMITED_SELECT -D_REENTRANT   -O3 -ggdb3 -Wall -Wextra -Wdeclaration-after-statement -Wdeprecated-declarations -Wdivision-by-zero -Wimplicit-function-declaration -Wimplicit-int -Wpointer-arith -Wshorten-64-to-32 -Wwrite-strings -Wmissing-noreturn -Wno-constant-logical-operand -Wno-long-long -Wno-missing-field-initializers -Wno-overlength-strings -Wno-parentheses-equality -Wno-self-assign -Wno-tautological-compare -Wno-unused-parameter -Wno-unused-value -Wunused-variable -Wextra-tokens  -pipe conftest.c  -L. -L/Users/michael/.asdf/installs/ruby/2.6.3/lib -L/Users/michael/.asdf/installs/postgres/10.6/lib -L. -L/Users/michael/.asdf/installs/ruby/2.6.3/lib  -fstack-protector-strong -L/usr/local/lib -Wl,-rpath,/Users/michael/.asdf/installs/postgres/10.6/lib    -lpq  -lruby.2.6-static -framework Security -framework Foundation -lpthread -lgmp -ldl -lobjc -lpq   "
checked program was:
/* begin */
 1: #include "ruby.h"
 2: 
 3: /*top*/
 4: extern int t(void);
 5: int main(int argc, char **argv)
 6: {
 7:   if (argc > 1000000) {
 8:     int (* volatile tp)(void)=(int (*)(void))&t;
 9:     printf("%d", (*tp)());
10:   }
11: 
12:   return 0;
13: }
14: extern void PQconninfo();
15: int t(void) { PQconninfo(); return 0; }
/* end */

--------------------

have_func: checking for PQsslAttribute()... -------------------- yes

"clang -o conftest -I/Users/michael/.asdf/installs/ruby/2.6.3/include/ruby-2.6.0/x86_64-darwin18 -I/Users/michael/.asdf/installs/ruby/2.6.3/include/ruby-2.6.0/ruby/backward -I/Users/michael/.asdf/installs/ruby/2.6.3/include/ruby-2.6.0 -I. -I/Users/michael/.asdf/installs/postgres/10.6/include -I/Users/michael/.asdf/installs/ruby/2.6.3/include  -D_XOPEN_SOURCE -D_DARWIN_C_SOURCE -D_DARWIN_UNLIMITED_SELECT -D_REENTRANT   -O3 -ggdb3 -Wall -Wextra -Wdeclaration-after-statement -Wdeprecated-declarations -Wdivision-by-zero -Wimplicit-function-declaration -Wimplicit-int -Wpointer-arith -Wshorten-64-to-32 -Wwrite-strings -Wmissing-noreturn -Wno-constant-logical-operand -Wno-long-long -Wno-missing-field-initializers -Wno-overlength-strings -Wno-parentheses-equality -Wno-self-assign -Wno-tautological-compare -Wno-unused-parameter -Wno-unused-value -Wunused-variable -Wextra-tokens  -pipe conftest.c  -L. -L/Users/michael/.asdf/installs/ruby/2.6.3/lib -L/Users/michael/.asdf/installs/postgres/10.6/lib -L. -L/Users/michael/.asdf/installs/ruby/2.6.3/lib  -fstack-protector-strong -L/usr/local/lib -Wl,-rpath,/Users/michael/.asdf/installs/postgres/10.6/lib    -lpq  -lruby.2.6-static -framework Security -framework Foundation -lpthread -lgmp -ldl -lobjc -lpq   "
conftest.c:14:57: error: use of undeclared identifier 'PQsslAttribute'
int t(void) { void ((*volatile p)()); p = (void ((*)()))PQsslAttribute; return !p; }
                                                        ^
1 error generated.
checked program was:
/* begin */
 1: #include "ruby.h"
 2: 
 3: /*top*/
 4: extern int t(void);
 5: int main(int argc, char **argv)
 6: {
 7:   if (argc > 1000000) {
 8:     int (* volatile tp)(void)=(int (*)(void))&t;
 9:     printf("%d", (*tp)());
10:   }
11: 
12:   return 0;
13: }
14: int t(void) { void ((*volatile p)()); p = (void ((*)()))PQsslAttribute; return !p; }
/* end */

"clang -o conftest -I/Users/michael/.asdf/installs/ruby/2.6.3/include/ruby-2.6.0/x86_64-darwin18 -I/Users/michael/.asdf/installs/ruby/2.6.3/include/ruby-2.6.0/ruby/backward -I/Users/michael/.asdf/installs/ruby/2.6.3/include/ruby-2.6.0 -I. -I/Users/michael/.asdf/installs/postgres/10.6/include -I/Users/michael/.asdf/installs/ruby/2.6.3/include  -D_XOPEN_SOURCE -D_DARWIN_C_SOURCE -D_DARWIN_UNLIMITED_SELECT -D_REENTRANT   -O3 -ggdb3 -Wall -Wextra -Wdeclaration-after-statement -Wdeprecated-declarations -Wdivision-by-zero -Wimplicit-function-declaration -Wimplicit-int -Wpointer-arith -Wshorten-64-to-32 -Wwrite-strings -Wmissing-noreturn -Wno-constant-logical-operand -Wno-long-long -Wno-missing-field-initializers -Wno-overlength-strings -Wno-parentheses-equality -Wno-self-assign -Wno-tautological-compare -Wno-unused-parameter -Wno-unused-value -Wunused-variable -Wextra-tokens  -pipe conftest.c  -L. -L/Users/michael/.asdf/installs/ruby/2.6.3/lib -L/Users/michael/.asdf/installs/postgres/10.6/lib -L. -L/Users/michael/.asdf/installs/ruby/2.6.3/lib  -fstack-protector-strong -L/usr/local/lib -Wl,-rpath,/Users/michael/.asdf/installs/postgres/10.6/lib    -lpq  -lruby.2.6-static -framework Security -framework Foundation -lpthread -lgmp -ldl -lobjc -lpq   "
checked program was:
/* begin */
 1: #include "ruby.h"
 2: 
 3: /*top*/
 4: extern int t(void);
 5: int main(int argc, char **argv)
 6: {
 7:   if (argc > 1000000) {
 8:     int (* volatile tp)(void)=(int (*)(void))&t;
 9:     printf("%d", (*tp)());
10:   }
11: 
12:   return 0;
13: }
14: extern void PQsslAttribute();
15: int t(void) { PQsslAttribute(); return 0; }
/* end */

--------------------

have_func: checking for PQencryptPasswordConn()... -------------------- yes

"clang -o conftest -I/Users/michael/.asdf/installs/ruby/2.6.3/include/ruby-2.6.0/x86_64-darwin18 -I/Users/michael/.asdf/installs/ruby/2.6.3/include/ruby-2.6.0/ruby/backward -I/Users/michael/.asdf/installs/ruby/2.6.3/include/ruby-2.6.0 -I. -I/Users/michael/.asdf/installs/postgres/10.6/include -I/Users/michael/.asdf/installs/ruby/2.6.3/include  -D_XOPEN_SOURCE -D_DARWIN_C_SOURCE -D_DARWIN_UNLIMITED_SELECT -D_REENTRANT   -O3 -ggdb3 -Wall -Wextra -Wdeclaration-after-statement -Wdeprecated-declarations -Wdivision-by-zero -Wimplicit-function-declaration -Wimplicit-int -Wpointer-arith -Wshorten-64-to-32 -Wwrite-strings -Wmissing-noreturn -Wno-constant-logical-operand -Wno-long-long -Wno-missing-field-initializers -Wno-overlength-strings -Wno-parentheses-equality -Wno-self-assign -Wno-tautological-compare -Wno-unused-parameter -Wno-unused-value -Wunused-variable -Wextra-tokens  -pipe conftest.c  -L. -L/Users/michael/.asdf/installs/ruby/2.6.3/lib -L/Users/michael/.asdf/installs/postgres/10.6/lib -L. -L/Users/michael/.asdf/installs/ruby/2.6.3/lib  -fstack-protector-strong -L/usr/local/lib -Wl,-rpath,/Users/michael/.asdf/installs/postgres/10.6/lib    -lpq  -lruby.2.6-static -framework Security -framework Foundation -lpthread -lgmp -ldl -lobjc -lpq   "
conftest.c:14:57: error: use of undeclared identifier 'PQencryptPasswordConn'
int t(void) { void ((*volatile p)()); p = (void ((*)()))PQencryptPasswordConn; return !p; }
                                                        ^
1 error generated.
checked program was:
/* begin */
 1: #include "ruby.h"
 2: 
 3: /*top*/
 4: extern int t(void);
 5: int main(int argc, char **argv)
 6: {
 7:   if (argc > 1000000) {
 8:     int (* volatile tp)(void)=(int (*)(void))&t;
 9:     printf("%d", (*tp)());
10:   }
11: 
12:   return 0;
13: }
14: int t(void) { void ((*volatile p)()); p = (void ((*)()))PQencryptPasswordConn; return !p; }
/* end */

"clang -o conftest -I/Users/michael/.asdf/installs/ruby/2.6.3/include/ruby-2.6.0/x86_64-darwin18 -I/Users/michael/.asdf/installs/ruby/2.6.3/include/ruby-2.6.0/ruby/backward -I/Users/michael/.asdf/installs/ruby/2.6.3/include/ruby-2.6.0 -I. -I/Users/michael/.asdf/installs/postgres/10.6/include -I/Users/michael/.asdf/installs/ruby/2.6.3/include  -D_XOPEN_SOURCE -D_DARWIN_C_SOURCE -D_DARWIN_UNLIMITED_SELECT -D_REENTRANT   -O3 -ggdb3 -Wall -Wextra -Wdeclaration-after-statement -Wdeprecated-declarations -Wdivision-by-zero -Wimplicit-function-declaration -Wimplicit-int -Wpointer-arith -Wshorten-64-to-32 -Wwrite-strings -Wmissing-noreturn -Wno-constant-logical-operand -Wno-long-long -Wno-missing-field-initializers -Wno-overlength-strings -Wno-parentheses-equality -Wno-self-assign -Wno-tautological-compare -Wno-unused-parameter -Wno-unused-value -Wunused-variable -Wextra-tokens  -pipe conftest.c  -L. -L/Users/michael/.asdf/installs/ruby/2.6.3/lib -L/Users/michael/.asdf/installs/postgres/10.6/lib -L. -L/Users/michael/.asdf/installs/ruby/2.6.3/lib  -fstack-protector-strong -L/usr/local/lib -Wl,-rpath,/Users/michael/.asdf/installs/postgres/10.6/lib    -lpq  -lruby.2.6-static -framework Security -framework Foundation -lpthread -lgmp -ldl -lobjc -lpq   "
checked program was:
/* begin */
 1: #include "ruby.h"
 2: 
 3: /*top*/
 4: extern int t(void);
 5: int main(int argc, char **argv)
 6: {
 7:   if (argc > 1000000) {
 8:     int (* volatile tp)(void)=(int (*)(void))&t;
 9:     printf("%d", (*tp)());
10:   }
11: 
12:   return 0;
13: }
14: extern void PQencryptPasswordConn();
15: int t(void) { PQencryptPasswordConn(); return 0; }
/* end */

--------------------

have_func: checking for timegm()... -------------------- yes

"clang -o conftest -I/Users/michael/.asdf/installs/ruby/2.6.3/include/ruby-2.6.0/x86_64-darwin18 -I/Users/michael/.asdf/installs/ruby/2.6.3/include/ruby-2.6.0/ruby/backward -I/Users/michael/.asdf/installs/ruby/2.6.3/include/ruby-2.6.0 -I. -I/Users/michael/.asdf/installs/postgres/10.6/include -I/Users/michael/.asdf/installs/ruby/2.6.3/include  -D_XOPEN_SOURCE -D_DARWIN_C_SOURCE -D_DARWIN_UNLIMITED_SELECT -D_REENTRANT   -O3 -ggdb3 -Wall -Wextra -Wdeclaration-after-statement -Wdeprecated-declarations -Wdivision-by-zero -Wimplicit-function-declaration -Wimplicit-int -Wpointer-arith -Wshorten-64-to-32 -Wwrite-strings -Wmissing-noreturn -Wno-constant-logical-operand -Wno-long-long -Wno-missing-field-initializers -Wno-overlength-strings -Wno-parentheses-equality -Wno-self-assign -Wno-tautological-compare -Wno-unused-parameter -Wno-unused-value -Wunused-variable -Wextra-tokens  -pipe conftest.c  -L. -L/Users/michael/.asdf/installs/ruby/2.6.3/lib -L/Users/michael/.asdf/installs/postgres/10.6/lib -L. -L/Users/michael/.asdf/installs/ruby/2.6.3/lib  -fstack-protector-strong -L/usr/local/lib -Wl,-rpath,/Users/michael/.asdf/installs/postgres/10.6/lib    -lpq  -lruby.2.6-static -framework Security -framework Foundation -lpthread -lgmp -ldl -lobjc -lpq   "
conftest.c:14:57: error: use of undeclared identifier 'timegm'
int t(void) { void ((*volatile p)()); p = (void ((*)()))timegm; return !p; }
                                                        ^
1 error generated.
checked program was:
/* begin */
 1: #include "ruby.h"
 2: 
 3: /*top*/
 4: extern int t(void);
 5: int main(int argc, char **argv)
 6: {
 7:   if (argc > 1000000) {
 8:     int (* volatile tp)(void)=(int (*)(void))&t;
 9:     printf("%d", (*tp)());
10:   }
11: 
12:   return 0;
13: }
14: int t(void) { void ((*volatile p)()); p = (void ((*)()))timegm; return !p; }
/* end */

"clang -o conftest -I/Users/michael/.asdf/installs/ruby/2.6.3/include/ruby-2.6.0/x86_64-darwin18 -I/Users/michael/.asdf/installs/ruby/2.6.3/include/ruby-2.6.0/ruby/backward -I/Users/michael/.asdf/installs/ruby/2.6.3/include/ruby-2.6.0 -I. -I/Users/michael/.asdf/installs/postgres/10.6/include -I/Users/michael/.asdf/installs/ruby/2.6.3/include  -D_XOPEN_SOURCE -D_DARWIN_C_SOURCE -D_DARWIN_UNLIMITED_SELECT -D_REENTRANT   -O3 -ggdb3 -Wall -Wextra -Wdeclaration-after-statement -Wdeprecated-declarations -Wdivision-by-zero -Wimplicit-function-declaration -Wimplicit-int -Wpointer-arith -Wshorten-64-to-32 -Wwrite-strings -Wmissing-noreturn -Wno-constant-logical-operand -Wno-long-long -Wno-missing-field-initializers -Wno-overlength-strings -Wno-parentheses-equality -Wno-self-assign -Wno-tautological-compare -Wno-unused-parameter -Wno-unused-value -Wunused-variable -Wextra-tokens  -pipe conftest.c  -L. -L/Users/michael/.asdf/installs/ruby/2.6.3/lib -L/Users/michael/.asdf/installs/postgres/10.6/lib -L. -L/Users/michael/.asdf/installs/ruby/2.6.3/lib  -fstack-protector-strong -L/usr/local/lib -Wl,-rpath,/Users/michael/.asdf/installs/postgres/10.6/lib    -lpq  -lruby.2.6-static -framework Security -framework Foundation -lpthread -lgmp -ldl -lobjc -lpq   "
checked program was:
/* begin */
 1: #include "ruby.h"
 2: 
 3: /*top*/
 4: extern int t(void);
 5: int main(int argc, char **argv)
 6: {
 7:   if (argc > 1000000) {
 8:     int (* volatile tp)(void)=(int (*)(void))&t;
 9:     printf("%d", (*tp)());
10:   }
11: 
12:   return 0;
13: }
14: extern void timegm();
15: int t(void) { timegm(); return 0; }
/* end */

--------------------

have_func: checking for rb_gc_adjust_memory_usage()... -------------------- yes

"clang -o conftest -I/Users/michael/.asdf/installs/ruby/2.6.3/include/ruby-2.6.0/x86_64-darwin18 -I/Users/michael/.asdf/installs/ruby/2.6.3/include/ruby-2.6.0/ruby/backward -I/Users/michael/.asdf/installs/ruby/2.6.3/include/ruby-2.6.0 -I. -I/Users/michael/.asdf/installs/postgres/10.6/include -I/Users/michael/.asdf/installs/ruby/2.6.3/include  -D_XOPEN_SOURCE -D_DARWIN_C_SOURCE -D_DARWIN_UNLIMITED_SELECT -D_REENTRANT   -O3 -ggdb3 -Wall -Wextra -Wdeclaration-after-statement -Wdeprecated-declarations -Wdivision-by-zero -Wimplicit-function-declaration -Wimplicit-int -Wpointer-arith -Wshorten-64-to-32 -Wwrite-strings -Wmissing-noreturn -Wno-constant-logical-operand -Wno-long-long -Wno-missing-field-initializers -Wno-overlength-strings -Wno-parentheses-equality -Wno-self-assign -Wno-tautological-compare -Wno-unused-parameter -Wno-unused-value -Wunused-variable -Wextra-tokens  -pipe conftest.c  -L. -L/Users/michael/.asdf/installs/ruby/2.6.3/lib -L/Users/michael/.asdf/installs/postgres/10.6/lib -L. -L/Users/michael/.asdf/installs/ruby/2.6.3/lib  -fstack-protector-strong -L/usr/local/lib -Wl,-rpath,/Users/michael/.asdf/installs/postgres/10.6/lib    -lpq  -lruby.2.6-static -framework Security -framework Foundation -lpthread -lgmp -ldl -lobjc -lpq   "
checked program was:
/* begin */
 1: #include "ruby.h"
 2: 
 3: /*top*/
 4: extern int t(void);
 5: int main(int argc, char **argv)
 6: {
 7:   if (argc > 1000000) {
 8:     int (* volatile tp)(void)=(int (*)(void))&t;
 9:     printf("%d", (*tp)());
10:   }
11: 
12:   return 0;
13: }
14: int t(void) { void ((*volatile p)()); p = (void ((*)()))rb_gc_adjust_memory_usage; return !p; }
/* end */

--------------------

have_const: checking for PG_DIAG_TABLE_NAME in libpq-fe.h... -------------------- yes

"clang -I/Users/michael/.asdf/installs/ruby/2.6.3/include/ruby-2.6.0/x86_64-darwin18 -I/Users/michael/.asdf/installs/ruby/2.6.3/include/ruby-2.6.0/ruby/backward -I/Users/michael/.asdf/installs/ruby/2.6.3/include/ruby-2.6.0 -I. -I/Users/michael/.asdf/installs/postgres/10.6/include -I/Users/michael/.asdf/installs/ruby/2.6.3/include  -D_XOPEN_SOURCE -D_DARWIN_C_SOURCE -D_DARWIN_UNLIMITED_SELECT -D_REENTRANT   -O3 -ggdb3 -Wall -Wextra -Wdeclaration-after-statement -Wdeprecated-declarations -Wdivision-by-zero -Wimplicit-function-declaration -Wimplicit-int -Wpointer-arith -Wshorten-64-to-32 -Wwrite-strings -Wmissing-noreturn -Wno-constant-logical-operand -Wno-long-long -Wno-missing-field-initializers -Wno-overlength-strings -Wno-parentheses-equality -Wno-self-assign -Wno-tautological-compare -Wno-unused-parameter -Wno-unused-value -Wunused-variable -Wextra-tokens  -pipe   -c conftest.c"
checked program was:
/* begin */
1: #include "ruby.h"
2: 
3: #include <libpq-fe.h>
4: 
5: /*top*/
6: typedef int conftest_type;
7: conftest_type conftestval = (int)PG_DIAG_TABLE_NAME;
/* end */

--------------------

have_header: checking for unistd.h... -------------------- yes

"clang -E -I/Users/michael/.asdf/installs/ruby/2.6.3/include/ruby-2.6.0/x86_64-darwin18 -I/Users/michael/.asdf/installs/ruby/2.6.3/include/ruby-2.6.0/ruby/backward -I/Users/michael/.asdf/installs/ruby/2.6.3/include/ruby-2.6.0 -I. -I/Users/michael/.asdf/installs/postgres/10.6/include -I/Users/michael/.asdf/installs/ruby/2.6.3/include  -D_XOPEN_SOURCE -D_DARWIN_C_SOURCE -D_DARWIN_UNLIMITED_SELECT -D_REENTRANT   -O3 -ggdb3 -Wall -Wextra -Wdeclaration-after-statement -Wdeprecated-declarations -Wdivision-by-zero -Wimplicit-function-declaration -Wimplicit-int -Wpointer-arith -Wshorten-64-to-32 -Wwrite-strings -Wmissing-noreturn -Wno-constant-logical-operand -Wno-long-long -Wno-missing-field-initializers -Wno-overlength-strings -Wno-parentheses-equality -Wno-self-assign -Wno-tautological-compare -Wno-unused-parameter -Wno-unused-value -Wunused-variable -Wextra-tokens  -pipe  conftest.c -o conftest.i"
checked program was:
/* begin */
1: #include "ruby.h"
2: 
3: #include <unistd.h>
/* end */

--------------------

have_header: checking for inttypes.h... -------------------- yes

"clang -E -I/Users/michael/.asdf/installs/ruby/2.6.3/include/ruby-2.6.0/x86_64-darwin18 -I/Users/michael/.asdf/installs/ruby/2.6.3/include/ruby-2.6.0/ruby/backward -I/Users/michael/.asdf/installs/ruby/2.6.3/include/ruby-2.6.0 -I. -I/Users/michael/.asdf/installs/postgres/10.6/include -I/Users/michael/.asdf/installs/ruby/2.6.3/include  -D_XOPEN_SOURCE -D_DARWIN_C_SOURCE -D_DARWIN_UNLIMITED_SELECT -D_REENTRANT   -O3 -ggdb3 -Wall -Wextra -Wdeclaration-after-statement -Wdeprecated-declarations -Wdivision-by-zero -Wimplicit-function-declaration -Wimplicit-int -Wpointer-arith -Wshorten-64-to-32 -Wwrite-strings -Wmissing-noreturn -Wno-constant-logical-operand -Wno-long-long -Wno-missing-field-initializers -Wno-overlength-strings -Wno-parentheses-equality -Wno-self-assign -Wno-tautological-compare -Wno-unused-parameter -Wno-unused-value -Wunused-variable -Wextra-tokens  -pipe  conftest.c -o conftest.i"
checked program was:
/* begin */
1: #include "ruby.h"
2: 
3: #include <inttypes.h>
/* end */

--------------------

checking for C99 variable length arrays... -------------------- yes

"clang -I/Users/michael/.asdf/installs/ruby/2.6.3/include/ruby-2.6.0/x86_64-darwin18 -I/Users/michael/.asdf/installs/ruby/2.6.3/include/ruby-2.6.0/ruby/backward -I/Users/michael/.asdf/installs/ruby/2.6.3/include/ruby-2.6.0 -I. -I/Users/michael/.asdf/installs/postgres/10.6/include -I/Users/michael/.asdf/installs/ruby/2.6.3/include  -D_XOPEN_SOURCE -D_DARWIN_C_SOURCE -D_DARWIN_UNLIMITED_SELECT -D_REENTRANT   -O3 -ggdb3 -Wall -Wextra -Wdeclaration-after-statement -Wdeprecated-declarations -Wdivision-by-zero -Wimplicit-function-declaration -Wimplicit-int -Wpointer-arith -Wshorten-64-to-32 -Wwrite-strings -Wmissing-noreturn -Wno-constant-logical-operand -Wno-long-long -Wno-missing-field-initializers -Wno-overlength-strings -Wno-parentheses-equality -Wno-self-assign -Wno-tautological-compare -Wno-unused-parameter -Wno-unused-value -Wunused-variable -Wextra-tokens  -pipe   -c conftest.c"
conftest.c:3:27: warning: unused variable 'vla' [-Wunused-variable]
void test_vla(int l){ int vla[l]; }
                          ^
1 warning generated.
checked program was:
/* begin */
1: #include "ruby.h"
2: 
3: void test_vla(int l){ int vla[l]; }
/* end */

--------------------

extconf.h is:
/* begin */
 1: #ifndef EXTCONF_H
 2: #define EXTCONF_H
 3: #define HAVE_PQSETSINGLEROWMODE 1
 4: #define HAVE_PQCONNINFO 1
 5: #define HAVE_PQSSLATTRIBUTE 1
 6: #define HAVE_PQENCRYPTPASSWORDCONN 1
 7: #define HAVE_TIMEGM 1
 8: #define HAVE_RB_GC_ADJUST_MEMORY_USAGE 1
 9: #define HAVE_CONST_PG_DIAG_TABLE_NAME 1
10: #define HAVE_UNISTD_H 1
11: #define HAVE_INTTYPES_H 1
12: #define HAVE_VARIABLE_LENGTH_ARRAYS 1
13: #endif
/* end */

